


ARM Macro Assembler    Page 1 


    1 00000000         ;* File Name          : Startup_ACM32F0x0.s
    2 00000000         ;* Version            : V1.0.0
    3 00000000         ;* Date               : 2020
    4 00000000         ;* Description        : ACM32F0x0 Devices vector table f
                       or MDK-ARM toolchain. 
    5 00000000         ;*                      This module performs:
    6 00000000         ;*                      - Set the initial SP
    7 00000000         ;*                      - Set the initial PC == Reset_Ha
                       ndler
    8 00000000         ;*                      - Set the vector table entries w
                       ith the exceptions ISR address
    9 00000000         ;*                      - Configure the clock system
   10 00000000         ;*                      - Branches to __main in the C li
                       brary (which eventually
   11 00000000         ;*                        calls main()).
   12 00000000         ;*                      After Reset the SC000 processor 
                       is in Thread mode,
   13 00000000         ;*                      priority is Privileged, and the 
                       Stack is set to Main.
   14 00000000         ;*******************************************************
                       ************************
   15 00000000         
   16 00000000 00000800 
                       Stack_Size
                               EQU              0x00000800
   17 00000000 00000000 
                       Heap_Size
                               EQU              0x00000000
   18 00000000         
   19 00000000                 AREA             STACK, NOINIT, READWRITE, ALIGN
=3
   20 00000000         Stack_Mem
                               SPACE            Stack_Size
   21 00000800         __initial_sp
   22 00000800         
   23 00000800                 AREA             HEAP, NOINIT, READWRITE, ALIGN=
3
   24 00000000         __heap_base
   25 00000000         Heap_Mem
                               SPACE            Heap_Size
   26 00000000         __heap_limit
   27 00000000         
   28 00000000                 PRESERVE8
   29 00000000                 THUMB
   30 00000000         
   31 00000000         ; Vector Table Mapped to Address 0 at Reset
   32 00000000         
   33 00000000                 AREA             RESET, DATA, READONLY
   34 00000000                 EXPORT           __Vectors
   35 00000000         
   36 00000000         __Vectors
   37 00000000 00000000        DCD              __initial_sp ; Top of Stack
   38 00000004 00000000        DCD              Reset_Handler ; Reset Handler
   39 00000008 00000000        DCD              NMI_Handler ; NMI Handler
   40 0000000C 00000000        DCD              HardFault_Handler ; Hard Fault 
                                                            Handler
   41 00000010 00000000        DCD              MemManage_Handler 
                                                            ; MPU Fault Handler
                                                            



ARM Macro Assembler    Page 2 


   42 00000014 00000000        DCD              0           ; Reserved
   43 00000018 00000000        DCD              0           ; Reserved
   44 0000001C 00000000        DCD              0           ; Reserved
   45 00000020 00000000        DCD              0           ; Reserved
   46 00000024 00000000        DCD              0           ; Reserved
   47 00000028 00000000        DCD              0           ; Reserved
   48 0000002C 00000000        DCD              SVC_Handler ; SVCall Handler 
   49 00000030 00000000        DCD              0           ; Reserved
   50 00000034 00000000        DCD              0           ; Reserved
   51 00000038 00000000        DCD              PendSV_Handler ; PendSV Handler
                                                            
   52 0000003C 00000000        DCD              SysTick_Handler 
                                                            ; SysTick Handler
   53 00000040         
   54 00000040         ; External Interrupts
   55 00000040 00000000        DCD              WDT_IRQHandler ; 0:  WDT_IRQHan
                                                            dler    
   56 00000044 00000000        DCD              RTC_IRQHandler ; 1:  RTC_IRQHan
                                                            dler 
   57 00000048 00000000        DCD              EFC_IRQHandler ; 2:  EFC_IRQHan
                                                            dler 
   58 0000004C 00000000        DCD              GPIOAB_IRQHandler ; 3:  GPIOAB_
                                                            IRQHandler 
   59 00000050 00000000        DCD              GPIOCD_IRQHandler ; 4:  GPIOCD_
                                                            IRQHandler
   60 00000054 00000000        DCD              EXTI_IRQHandler ; 5:  EXTI_IRQH
                                                            andler 
   61 00000058 00000000        DCD              SRAM_PARITY_IRQHandler ; 6:  SR
                                                            AM_PARITY_IRQHandle
                                                            r
   62 0000005C 00000000        DCD              CLKRDY_IRQHandler ; 7:  CLKRDY_
                                                            IRQHandler
   63 00000060 00000000        DCD              LCD_IRQHandler ; 8:  LCD_IRQHan
                                                            dler
   64 00000064 00000000        DCD              DMA_IRQHandler ; 9:  DMA_IRQHan
                                                            dler
   65 00000068 00000000        DCD              UART3_IRQHandler ; 10: UART3_IR
                                                            QHandler
   66 0000006C 00000000        DCD              TKEY_IRQHandler ; 11: TKEY_IRQH
                                                            andler
   67 00000070 00000000        DCD              ADC_IRQHandler ; 12: ADC_IRQHan
                                                            dler
   68 00000074 00000000        DCD              TIM1_BRK_UP_TRG_COM_IRQHandler 
                                                            ; 13: TIM1_BRK_UP_T
                                                            RG_COM_IRQHandler
   69 00000078 00000000        DCD              TIM1_CC_IRQHandler ; 14: TIM1_C
                                                            C_IRQHandler
   70 0000007C 00000000        DCD              RSV_IRQHandler ; 15: Reserved
   71 00000080 00000000        DCD              TIM3_IRQHandler ; 16: TIM3_IRQH
                                                            andler 
   72 00000084 00000000        DCD              TIM6_IRQHandler ; 17: TIM6_IRQH
                                                            andler
   73 00000088 00000000        DCD              RSV_IRQHandler ; 18: Reserved
   74 0000008C 00000000        DCD              TIM14_IRQHandler ; 19: TIM14_IR
                                                            QHandler
   75 00000090 00000000        DCD              TIM15_IRQHandler ; 20: TIM15_IR
                                                            QHandler 
   76 00000094 00000000        DCD              TIM16_IRQHandler ; 21: TIM16_IR
                                                            QHandler   



ARM Macro Assembler    Page 3 


   77 00000098 00000000        DCD              TIM17_IRQHandler ; 22: TIM17_IR
                                                            QHandler   
   78 0000009C 00000000        DCD              I2C1_IRQHandler ; 23: I2C1_IRQH
                                                            andler    
   79 000000A0 00000000        DCD              I2C2_IRQHandler ; 24: I2C2_IRQH
                                                            andler     
   80 000000A4 00000000        DCD              SPI1_IRQHandler ; 25: SPI1_IRQH
                                                            andler    
   81 000000A8 00000000        DCD              SPI2_IRQHandler ; 26: SPI2_IRQH
                                                            andler    
   82 000000AC 00000000        DCD              UART1_IRQHandler ; 27: UART1_IR
                                                            QHandler   
   83 000000B0 00000000        DCD              UART2_IRQHandler ; 28: UART2_IR
                                                            QHandler      
   84 000000B4 00000000        DCD              LPUART_IRQHandler ; 29: LPUART_
                                                            IRQHandler
   85 000000B8 00000000        DCD              CAN1_IRQHandler ; 30: CAN1_IRQH
                                                            andler
   86 000000BC 00000000        DCD              AES_IRQHandler ; 31: AES_IRQHan
                                                            dler 
   87 000000C0         
   88 000000C0                 AREA             |.text|, CODE, READONLY
   89 00000000         
   90 00000000         Reset_Handler
                               PROC
   91 00000000                 EXPORT           Reset_Handler             [WEAK
]
   92 00000000                 IMPORT           System_Core_Config
   93 00000000                 IMPORT           __main
   94 00000000 4808            LDR              R0, =System_Core_Config
   95 00000002 4780            BLX              R0
   96 00000004 4808            LDR              R0, =__main
   97 00000006 4700            BX               R0
   98 00000008                 ENDP
   99 00000008         
  100 00000008         
  101 00000008         NMI_Handler
                               PROC
  102 00000008                 EXPORT           NMI_Handler               [WEAK
]
  103 00000008 E7FE            B                .
  104 0000000A                 ENDP
  105 0000000A         HardFault_Handler
                               PROC
  106 0000000A                 EXPORT           HardFault_Handler         [WEAK
]
  107 0000000A E7FE            B                .
  108 0000000C                 ENDP
  109 0000000C         MemManage_Handler
                               PROC
  110 0000000C                 EXPORT           MemManage_Handler         [WEAK
]
  111 0000000C E7FE            B                .
  112 0000000E                 ENDP
  113 0000000E         SVC_Handler
                               PROC
  114 0000000E                 EXPORT           SVC_Handler               [WEAK
]
  115 0000000E E7FE            B                .



ARM Macro Assembler    Page 4 


  116 00000010                 ENDP
  117 00000010         PendSV_Handler
                               PROC
  118 00000010                 EXPORT           PendSV_Handler            [WEAK
]
  119 00000010 E7FE            B                .
  120 00000012                 ENDP
  121 00000012         SysTick_Handler
                               PROC
  122 00000012                 EXPORT           SysTick_Handler           [WEAK
]
  123 00000012 E7FE            B                .
  124 00000014                 ENDP
  125 00000014         
  126 00000014         Default_Handler
                               PROC
  127 00000014                 EXPORT           WDT_IRQHandler                 
[WEAK]
  128 00000014                 EXPORT           RTC_IRQHandler                 
[WEAK]
  129 00000014                 EXPORT           EFC_IRQHandler                 
[WEAK]
  130 00000014                 EXPORT           GPIOAB_IRQHandler              
[WEAK]
  131 00000014                 EXPORT           GPIOCD_IRQHandler              
[WEAK]
  132 00000014                 EXPORT           EXTI_IRQHandler                
[WEAK]
  133 00000014                 EXPORT           SRAM_PARITY_IRQHandler         
[WEAK]
  134 00000014                 EXPORT           CLKRDY_IRQHandler              
[WEAK]
  135 00000014                 EXPORT           LCD_IRQHandler                 
[WEAK]
  136 00000014                 EXPORT           DMA_IRQHandler                 
[WEAK]
  137 00000014                 EXPORT           UART3_IRQHandler               
[WEAK]
  138 00000014                 EXPORT           TKEY_IRQHandler                
[WEAK]
  139 00000014                 EXPORT           ADC_IRQHandler                 
[WEAK]
  140 00000014                 EXPORT           TIM1_BRK_UP_TRG_COM_IRQHandler 
[WEAK]
  141 00000014                 EXPORT           TIM1_CC_IRQHandler             
[WEAK]
  142 00000014                 EXPORT           TIM3_IRQHandler                
[WEAK]
  143 00000014                 EXPORT           TIM6_IRQHandler                
[WEAK]
  144 00000014                 EXPORT           TIM14_IRQHandler               
[WEAK]
  145 00000014                 EXPORT           TIM15_IRQHandler               
[WEAK]
  146 00000014                 EXPORT           TIM16_IRQHandler               
[WEAK]
  147 00000014                 EXPORT           TIM17_IRQHandler               
[WEAK]
  148 00000014                 EXPORT           I2C1_IRQHandler                



ARM Macro Assembler    Page 5 


[WEAK]
  149 00000014                 EXPORT           I2C2_IRQHandler                
[WEAK]
  150 00000014                 EXPORT           SPI1_IRQHandler                
[WEAK]
  151 00000014                 EXPORT           SPI2_IRQHandler                
[WEAK]
  152 00000014                 EXPORT           UART1_IRQHandler               
[WEAK]
  153 00000014                 EXPORT           UART2_IRQHandler               
[WEAK]
  154 00000014                 EXPORT           LPUART_IRQHandler              
[WEAK]
  155 00000014                 EXPORT           CAN1_IRQHandler                
[WEAK]
  156 00000014                 EXPORT           AES_IRQHandler                 
[WEAK]
  157 00000014                 EXPORT           RSV_IRQHandler                 
[WEAK]
  158 00000014         WDT_IRQHandler
  159 00000014         RTC_IRQHandler
  160 00000014         EFC_IRQHandler
  161 00000014         GPIOAB_IRQHandler
  162 00000014         GPIOCD_IRQHandler
  163 00000014         EXTI_IRQHandler
  164 00000014         SRAM_PARITY_IRQHandler
  165 00000014         CLKRDY_IRQHandler
  166 00000014         LCD_IRQHandler
  167 00000014         DMA_IRQHandler
  168 00000014         UART3_IRQHandler
  169 00000014         TKEY_IRQHandler
  170 00000014         ADC_IRQHandler
  171 00000014         TIM1_BRK_UP_TRG_COM_IRQHandler
  172 00000014         TIM1_CC_IRQHandler
  173 00000014         TIM3_IRQHandler
  174 00000014         TIM6_IRQHandler
  175 00000014         TIM14_IRQHandler
  176 00000014         TIM15_IRQHandler
  177 00000014         TIM16_IRQHandler
  178 00000014         TIM17_IRQHandler
  179 00000014         I2C1_IRQHandler
  180 00000014         I2C2_IRQHandler
  181 00000014         SPI1_IRQHandler
  182 00000014         SPI2_IRQHandler
  183 00000014         UART1_IRQHandler
  184 00000014         UART2_IRQHandler
  185 00000014         LPUART_IRQHandler
  186 00000014         CAN1_IRQHandler
  187 00000014         AES_IRQHandler
  188 00000014         RSV_IRQHandler
  189 00000014 E7FE            B                .
  190 00000016                 ENDP
  191 00000016         
  192 00000016 00 00           ALIGN
  193 00000018         
  194 00000018         ; User Initial Stack & Heap
  195 00000018         
  196 00000018                 IF               :DEF:__MICROLIB
  203 00000018         



ARM Macro Assembler    Page 6 


  204 00000018                 IMPORT           __use_two_region_memory
  205 00000018                 EXPORT           __user_initial_stackheap
  206 00000018         __user_initial_stackheap
  207 00000018         
  208 00000018 4804            LDR              R0, =  Heap_Mem
  209 0000001A 4905            LDR              R1, =(Stack_Mem + Stack_Size)
  210 0000001C 4A03            LDR              R2, = (Heap_Mem +  Heap_Size)
  211 0000001E 4B05            LDR              R3, = Stack_Mem
  212 00000020 4770            BX               LR
  213 00000022         
  214 00000022 00 00           ALIGN
  215 00000024         
  216 00000024                 ENDIF
  217 00000024         
  218 00000024                 END
              00000000 
              00000000 
              00000000 
              00000800 
              00000000 
Command Line: --debug --xref --diag_suppress=9931 --cpu=Cortex-M0 --apcs=interw
ork --depend=.\objects\startup_acm32f0x0.d -o.\objects\startup_acm32f0x0.o -I.\
RTE\RTOS -I.\RTE\_ACM32 -ID:\Users\KING\AppData\Local\Arm\Packs\RealThread\RT-T
hread\3.1.5\include --predefine="__UVISION_VERSION SETA 537" --predefine="_RTE_
 SETA 1" --predefine="_RTE_ SETA 1" --list=.\listings\startup_acm32f0x0.lst ..\
Core_Drivers\Device\Startup_ACM32F0x0.s



ARM Macro Assembler    Page 1 Alphabetic symbol ordering
Relocatable symbols

STACK 00000000

Symbol: STACK
   Definitions
      At line 19 in file ..\Core_Drivers\Device\Startup_ACM32F0x0.s
   Uses
      None
Comment: STACK unused
Stack_Mem 00000000

Symbol: Stack_Mem
   Definitions
      At line 20 in file ..\Core_Drivers\Device\Startup_ACM32F0x0.s
   Uses
      At line 209 in file ..\Core_Drivers\Device\Startup_ACM32F0x0.s
      At line 211 in file ..\Core_Drivers\Device\Startup_ACM32F0x0.s

__initial_sp 00000800

Symbol: __initial_sp
   Definitions
      At line 21 in file ..\Core_Drivers\Device\Startup_ACM32F0x0.s
   Uses
      At line 37 in file ..\Core_Drivers\Device\Startup_ACM32F0x0.s
Comment: __initial_sp used once
3 symbols



ARM Macro Assembler    Page 1 Alphabetic symbol ordering
Relocatable symbols

HEAP 00000000

Symbol: HEAP
   Definitions
      At line 23 in file ..\Core_Drivers\Device\Startup_ACM32F0x0.s
   Uses
      None
Comment: HEAP unused
Heap_Mem 00000000

Symbol: Heap_Mem
   Definitions
      At line 25 in file ..\Core_Drivers\Device\Startup_ACM32F0x0.s
   Uses
      At line 208 in file ..\Core_Drivers\Device\Startup_ACM32F0x0.s
      At line 210 in file ..\Core_Drivers\Device\Startup_ACM32F0x0.s

__heap_base 00000000

Symbol: __heap_base
   Definitions
      At line 24 in file ..\Core_Drivers\Device\Startup_ACM32F0x0.s
   Uses
      None
Comment: __heap_base unused
__heap_limit 00000000

Symbol: __heap_limit
   Definitions
      At line 26 in file ..\Core_Drivers\Device\Startup_ACM32F0x0.s
   Uses
      None
Comment: __heap_limit unused
4 symbols



ARM Macro Assembler    Page 1 Alphabetic symbol ordering
Relocatable symbols

RESET 00000000

Symbol: RESET
   Definitions
      At line 33 in file ..\Core_Drivers\Device\Startup_ACM32F0x0.s
   Uses
      None
Comment: RESET unused
__Vectors 00000000

Symbol: __Vectors
   Definitions
      At line 36 in file ..\Core_Drivers\Device\Startup_ACM32F0x0.s
   Uses
      At line 34 in file ..\Core_Drivers\Device\Startup_ACM32F0x0.s
Comment: __Vectors used once
2 symbols



ARM Macro Assembler    Page 1 Alphabetic symbol ordering
Relocatable symbols

.text 00000000

Symbol: .text
   Definitions
      At line 88 in file ..\Core_Drivers\Device\Startup_ACM32F0x0.s
   Uses
      None
Comment: .text unused
ADC_IRQHandler 00000014

Symbol: ADC_IRQHandler
   Definitions
      At line 170 in file ..\Core_Drivers\Device\Startup_ACM32F0x0.s
   Uses
      At line 67 in file ..\Core_Drivers\Device\Startup_ACM32F0x0.s
      At line 139 in file ..\Core_Drivers\Device\Startup_ACM32F0x0.s

AES_IRQHandler 00000014

Symbol: AES_IRQHandler
   Definitions
      At line 187 in file ..\Core_Drivers\Device\Startup_ACM32F0x0.s
   Uses
      At line 86 in file ..\Core_Drivers\Device\Startup_ACM32F0x0.s
      At line 156 in file ..\Core_Drivers\Device\Startup_ACM32F0x0.s

CAN1_IRQHandler 00000014

Symbol: CAN1_IRQHandler
   Definitions
      At line 186 in file ..\Core_Drivers\Device\Startup_ACM32F0x0.s
   Uses
      At line 85 in file ..\Core_Drivers\Device\Startup_ACM32F0x0.s
      At line 155 in file ..\Core_Drivers\Device\Startup_ACM32F0x0.s

CLKRDY_IRQHandler 00000014

Symbol: CLKRDY_IRQHandler
   Definitions
      At line 165 in file ..\Core_Drivers\Device\Startup_ACM32F0x0.s
   Uses
      At line 62 in file ..\Core_Drivers\Device\Startup_ACM32F0x0.s
      At line 134 in file ..\Core_Drivers\Device\Startup_ACM32F0x0.s

DMA_IRQHandler 00000014

Symbol: DMA_IRQHandler
   Definitions
      At line 167 in file ..\Core_Drivers\Device\Startup_ACM32F0x0.s
   Uses
      At line 64 in file ..\Core_Drivers\Device\Startup_ACM32F0x0.s
      At line 136 in file ..\Core_Drivers\Device\Startup_ACM32F0x0.s

Default_Handler 00000014

Symbol: Default_Handler
   Definitions
      At line 126 in file ..\Core_Drivers\Device\Startup_ACM32F0x0.s
   Uses



ARM Macro Assembler    Page 2 Alphabetic symbol ordering
Relocatable symbols

      None
Comment: Default_Handler unused
EFC_IRQHandler 00000014

Symbol: EFC_IRQHandler
   Definitions
      At line 160 in file ..\Core_Drivers\Device\Startup_ACM32F0x0.s
   Uses
      At line 57 in file ..\Core_Drivers\Device\Startup_ACM32F0x0.s
      At line 129 in file ..\Core_Drivers\Device\Startup_ACM32F0x0.s

EXTI_IRQHandler 00000014

Symbol: EXTI_IRQHandler
   Definitions
      At line 163 in file ..\Core_Drivers\Device\Startup_ACM32F0x0.s
   Uses
      At line 60 in file ..\Core_Drivers\Device\Startup_ACM32F0x0.s
      At line 132 in file ..\Core_Drivers\Device\Startup_ACM32F0x0.s

GPIOAB_IRQHandler 00000014

Symbol: GPIOAB_IRQHandler
   Definitions
      At line 161 in file ..\Core_Drivers\Device\Startup_ACM32F0x0.s
   Uses
      At line 58 in file ..\Core_Drivers\Device\Startup_ACM32F0x0.s
      At line 130 in file ..\Core_Drivers\Device\Startup_ACM32F0x0.s

GPIOCD_IRQHandler 00000014

Symbol: GPIOCD_IRQHandler
   Definitions
      At line 162 in file ..\Core_Drivers\Device\Startup_ACM32F0x0.s
   Uses
      At line 59 in file ..\Core_Drivers\Device\Startup_ACM32F0x0.s
      At line 131 in file ..\Core_Drivers\Device\Startup_ACM32F0x0.s

HardFault_Handler 0000000A

Symbol: HardFault_Handler
   Definitions
      At line 105 in file ..\Core_Drivers\Device\Startup_ACM32F0x0.s
   Uses
      At line 40 in file ..\Core_Drivers\Device\Startup_ACM32F0x0.s
      At line 106 in file ..\Core_Drivers\Device\Startup_ACM32F0x0.s

I2C1_IRQHandler 00000014

Symbol: I2C1_IRQHandler
   Definitions
      At line 179 in file ..\Core_Drivers\Device\Startup_ACM32F0x0.s
   Uses
      At line 78 in file ..\Core_Drivers\Device\Startup_ACM32F0x0.s
      At line 148 in file ..\Core_Drivers\Device\Startup_ACM32F0x0.s

I2C2_IRQHandler 00000014

Symbol: I2C2_IRQHandler



ARM Macro Assembler    Page 3 Alphabetic symbol ordering
Relocatable symbols

   Definitions
      At line 180 in file ..\Core_Drivers\Device\Startup_ACM32F0x0.s
   Uses
      At line 79 in file ..\Core_Drivers\Device\Startup_ACM32F0x0.s
      At line 149 in file ..\Core_Drivers\Device\Startup_ACM32F0x0.s

LCD_IRQHandler 00000014

Symbol: LCD_IRQHandler
   Definitions
      At line 166 in file ..\Core_Drivers\Device\Startup_ACM32F0x0.s
   Uses
      At line 63 in file ..\Core_Drivers\Device\Startup_ACM32F0x0.s
      At line 135 in file ..\Core_Drivers\Device\Startup_ACM32F0x0.s

LPUART_IRQHandler 00000014

Symbol: LPUART_IRQHandler
   Definitions
      At line 185 in file ..\Core_Drivers\Device\Startup_ACM32F0x0.s
   Uses
      At line 84 in file ..\Core_Drivers\Device\Startup_ACM32F0x0.s
      At line 154 in file ..\Core_Drivers\Device\Startup_ACM32F0x0.s

MemManage_Handler 0000000C

Symbol: MemManage_Handler
   Definitions
      At line 109 in file ..\Core_Drivers\Device\Startup_ACM32F0x0.s
   Uses
      At line 41 in file ..\Core_Drivers\Device\Startup_ACM32F0x0.s
      At line 110 in file ..\Core_Drivers\Device\Startup_ACM32F0x0.s

NMI_Handler 00000008

Symbol: NMI_Handler
   Definitions
      At line 101 in file ..\Core_Drivers\Device\Startup_ACM32F0x0.s
   Uses
      At line 39 in file ..\Core_Drivers\Device\Startup_ACM32F0x0.s
      At line 102 in file ..\Core_Drivers\Device\Startup_ACM32F0x0.s

PendSV_Handler 00000010

Symbol: PendSV_Handler
   Definitions
      At line 117 in file ..\Core_Drivers\Device\Startup_ACM32F0x0.s
   Uses
      At line 51 in file ..\Core_Drivers\Device\Startup_ACM32F0x0.s
      At line 118 in file ..\Core_Drivers\Device\Startup_ACM32F0x0.s

RSV_IRQHandler 00000014

Symbol: RSV_IRQHandler
   Definitions
      At line 188 in file ..\Core_Drivers\Device\Startup_ACM32F0x0.s
   Uses
      At line 70 in file ..\Core_Drivers\Device\Startup_ACM32F0x0.s
      At line 73 in file ..\Core_Drivers\Device\Startup_ACM32F0x0.s



ARM Macro Assembler    Page 4 Alphabetic symbol ordering
Relocatable symbols

      At line 157 in file ..\Core_Drivers\Device\Startup_ACM32F0x0.s

RTC_IRQHandler 00000014

Symbol: RTC_IRQHandler
   Definitions
      At line 159 in file ..\Core_Drivers\Device\Startup_ACM32F0x0.s
   Uses
      At line 56 in file ..\Core_Drivers\Device\Startup_ACM32F0x0.s
      At line 128 in file ..\Core_Drivers\Device\Startup_ACM32F0x0.s

Reset_Handler 00000000

Symbol: Reset_Handler
   Definitions
      At line 90 in file ..\Core_Drivers\Device\Startup_ACM32F0x0.s
   Uses
      At line 38 in file ..\Core_Drivers\Device\Startup_ACM32F0x0.s
      At line 91 in file ..\Core_Drivers\Device\Startup_ACM32F0x0.s

SPI1_IRQHandler 00000014

Symbol: SPI1_IRQHandler
   Definitions
      At line 181 in file ..\Core_Drivers\Device\Startup_ACM32F0x0.s
   Uses
      At line 80 in file ..\Core_Drivers\Device\Startup_ACM32F0x0.s
      At line 150 in file ..\Core_Drivers\Device\Startup_ACM32F0x0.s

SPI2_IRQHandler 00000014

Symbol: SPI2_IRQHandler
   Definitions
      At line 182 in file ..\Core_Drivers\Device\Startup_ACM32F0x0.s
   Uses
      At line 81 in file ..\Core_Drivers\Device\Startup_ACM32F0x0.s
      At line 151 in file ..\Core_Drivers\Device\Startup_ACM32F0x0.s

SRAM_PARITY_IRQHandler 00000014

Symbol: SRAM_PARITY_IRQHandler
   Definitions
      At line 164 in file ..\Core_Drivers\Device\Startup_ACM32F0x0.s
   Uses
      At line 61 in file ..\Core_Drivers\Device\Startup_ACM32F0x0.s
      At line 133 in file ..\Core_Drivers\Device\Startup_ACM32F0x0.s

SVC_Handler 0000000E

Symbol: SVC_Handler
   Definitions
      At line 113 in file ..\Core_Drivers\Device\Startup_ACM32F0x0.s
   Uses
      At line 48 in file ..\Core_Drivers\Device\Startup_ACM32F0x0.s
      At line 114 in file ..\Core_Drivers\Device\Startup_ACM32F0x0.s

SysTick_Handler 00000012

Symbol: SysTick_Handler



ARM Macro Assembler    Page 5 Alphabetic symbol ordering
Relocatable symbols

   Definitions
      At line 121 in file ..\Core_Drivers\Device\Startup_ACM32F0x0.s
   Uses
      At line 52 in file ..\Core_Drivers\Device\Startup_ACM32F0x0.s
      At line 122 in file ..\Core_Drivers\Device\Startup_ACM32F0x0.s

TIM14_IRQHandler 00000014

Symbol: TIM14_IRQHandler
   Definitions
      At line 175 in file ..\Core_Drivers\Device\Startup_ACM32F0x0.s
   Uses
      At line 74 in file ..\Core_Drivers\Device\Startup_ACM32F0x0.s
      At line 144 in file ..\Core_Drivers\Device\Startup_ACM32F0x0.s

TIM15_IRQHandler 00000014

Symbol: TIM15_IRQHandler
   Definitions
      At line 176 in file ..\Core_Drivers\Device\Startup_ACM32F0x0.s
   Uses
      At line 75 in file ..\Core_Drivers\Device\Startup_ACM32F0x0.s
      At line 145 in file ..\Core_Drivers\Device\Startup_ACM32F0x0.s

TIM16_IRQHandler 00000014

Symbol: TIM16_IRQHandler
   Definitions
      At line 177 in file ..\Core_Drivers\Device\Startup_ACM32F0x0.s
   Uses
      At line 76 in file ..\Core_Drivers\Device\Startup_ACM32F0x0.s
      At line 146 in file ..\Core_Drivers\Device\Startup_ACM32F0x0.s

TIM17_IRQHandler 00000014

Symbol: TIM17_IRQHandler
   Definitions
      At line 178 in file ..\Core_Drivers\Device\Startup_ACM32F0x0.s
   Uses
      At line 77 in file ..\Core_Drivers\Device\Startup_ACM32F0x0.s
      At line 147 in file ..\Core_Drivers\Device\Startup_ACM32F0x0.s

TIM1_BRK_UP_TRG_COM_IRQHandler 00000014

Symbol: TIM1_BRK_UP_TRG_COM_IRQHandler
   Definitions
      At line 171 in file ..\Core_Drivers\Device\Startup_ACM32F0x0.s
   Uses
      At line 68 in file ..\Core_Drivers\Device\Startup_ACM32F0x0.s
      At line 140 in file ..\Core_Drivers\Device\Startup_ACM32F0x0.s

TIM1_CC_IRQHandler 00000014

Symbol: TIM1_CC_IRQHandler
   Definitions
      At line 172 in file ..\Core_Drivers\Device\Startup_ACM32F0x0.s
   Uses
      At line 69 in file ..\Core_Drivers\Device\Startup_ACM32F0x0.s
      At line 141 in file ..\Core_Drivers\Device\Startup_ACM32F0x0.s



ARM Macro Assembler    Page 6 Alphabetic symbol ordering
Relocatable symbols


TIM3_IRQHandler 00000014

Symbol: TIM3_IRQHandler
   Definitions
      At line 173 in file ..\Core_Drivers\Device\Startup_ACM32F0x0.s
   Uses
      At line 71 in file ..\Core_Drivers\Device\Startup_ACM32F0x0.s
      At line 142 in file ..\Core_Drivers\Device\Startup_ACM32F0x0.s

TIM6_IRQHandler 00000014

Symbol: TIM6_IRQHandler
   Definitions
      At line 174 in file ..\Core_Drivers\Device\Startup_ACM32F0x0.s
   Uses
      At line 72 in file ..\Core_Drivers\Device\Startup_ACM32F0x0.s
      At line 143 in file ..\Core_Drivers\Device\Startup_ACM32F0x0.s

TKEY_IRQHandler 00000014

Symbol: TKEY_IRQHandler
   Definitions
      At line 169 in file ..\Core_Drivers\Device\Startup_ACM32F0x0.s
   Uses
      At line 66 in file ..\Core_Drivers\Device\Startup_ACM32F0x0.s
      At line 138 in file ..\Core_Drivers\Device\Startup_ACM32F0x0.s

UART1_IRQHandler 00000014

Symbol: UART1_IRQHandler
   Definitions
      At line 183 in file ..\Core_Drivers\Device\Startup_ACM32F0x0.s
   Uses
      At line 82 in file ..\Core_Drivers\Device\Startup_ACM32F0x0.s
      At line 152 in file ..\Core_Drivers\Device\Startup_ACM32F0x0.s

UART2_IRQHandler 00000014

Symbol: UART2_IRQHandler
   Definitions
      At line 184 in file ..\Core_Drivers\Device\Startup_ACM32F0x0.s
   Uses
      At line 83 in file ..\Core_Drivers\Device\Startup_ACM32F0x0.s
      At line 153 in file ..\Core_Drivers\Device\Startup_ACM32F0x0.s

UART3_IRQHandler 00000014

Symbol: UART3_IRQHandler
   Definitions
      At line 168 in file ..\Core_Drivers\Device\Startup_ACM32F0x0.s
   Uses
      At line 65 in file ..\Core_Drivers\Device\Startup_ACM32F0x0.s
      At line 137 in file ..\Core_Drivers\Device\Startup_ACM32F0x0.s

WDT_IRQHandler 00000014

Symbol: WDT_IRQHandler
   Definitions



ARM Macro Assembler    Page 7 Alphabetic symbol ordering
Relocatable symbols

      At line 158 in file ..\Core_Drivers\Device\Startup_ACM32F0x0.s
   Uses
      At line 55 in file ..\Core_Drivers\Device\Startup_ACM32F0x0.s
      At line 127 in file ..\Core_Drivers\Device\Startup_ACM32F0x0.s

__user_initial_stackheap 00000018

Symbol: __user_initial_stackheap
   Definitions
      At line 206 in file ..\Core_Drivers\Device\Startup_ACM32F0x0.s
   Uses
      At line 205 in file ..\Core_Drivers\Device\Startup_ACM32F0x0.s
Comment: __user_initial_stackheap used once
41 symbols



ARM Macro Assembler    Page 1 Alphabetic symbol ordering
Absolute symbols

Heap_Size 00000000

Symbol: Heap_Size
   Definitions
      At line 17 in file ..\Core_Drivers\Device\Startup_ACM32F0x0.s
   Uses
      At line 25 in file ..\Core_Drivers\Device\Startup_ACM32F0x0.s
      At line 210 in file ..\Core_Drivers\Device\Startup_ACM32F0x0.s

Stack_Size 00000800

Symbol: Stack_Size
   Definitions
      At line 16 in file ..\Core_Drivers\Device\Startup_ACM32F0x0.s
   Uses
      At line 20 in file ..\Core_Drivers\Device\Startup_ACM32F0x0.s
      At line 209 in file ..\Core_Drivers\Device\Startup_ACM32F0x0.s

2 symbols



ARM Macro Assembler    Page 1 Alphabetic symbol ordering
External symbols

System_Core_Config 00000000

Symbol: System_Core_Config
   Definitions
      At line 92 in file ..\Core_Drivers\Device\Startup_ACM32F0x0.s
   Uses
      At line 94 in file ..\Core_Drivers\Device\Startup_ACM32F0x0.s
Comment: System_Core_Config used once
__main 00000000

Symbol: __main
   Definitions
      At line 93 in file ..\Core_Drivers\Device\Startup_ACM32F0x0.s
   Uses
      At line 96 in file ..\Core_Drivers\Device\Startup_ACM32F0x0.s
Comment: __main used once
__use_two_region_memory 00000000

Symbol: __use_two_region_memory
   Definitions
      At line 204 in file ..\Core_Drivers\Device\Startup_ACM32F0x0.s
   Uses
      None
Comment: __use_two_region_memory unused
3 symbols
391 symbols in table
